This file contains any messages produced by compilers while
running configure, to aid debugging if configure makes a mistake.

It was created by tuxjunior configure 0.0.3-SVN, which was
generated by GNU Autoconf 2.68.  Invocation command line was

  $ ./configure 

## --------- ##
## Platform. ##
## --------- ##

hostname = BOX
uname -m = i686
uname -r = 3.8.0-33-generic
uname -s = Linux
uname -v = #48~precise1-Ubuntu SMP Thu Oct 24 16:31:16 UTC 2013

/usr/bin/uname -p = unknown
/bin/uname -X     = unknown

/bin/arch              = unknown
/usr/bin/arch -k       = unknown
/usr/convex/getsysinfo = unknown
/usr/bin/hostinfo      = unknown
/bin/machine           = unknown
/usr/bin/oslevel       = unknown
/bin/universe          = unknown

PATH: /usr/lib/lightdm/lightdm
PATH: /usr/local/sbin
PATH: /usr/local/bin
PATH: /usr/sbin
PATH: /usr/bin
PATH: /sbin
PATH: /bin
PATH: /usr/games


## ----------- ##
## Core tests. ##
## ----------- ##

configure:2458: checking build system type
configure:2472: result: i686-pc-linux-gnu
configure:2492: checking host system type
configure:2505: result: i686-pc-linux-gnu
configure:2525: checking target system type
configure:2538: result: i686-pc-linux-gnu
configure:2621: checking for gcc
configure:2637: found /usr/bin/gcc
configure:2648: result: gcc
configure:2877: checking for C compiler version
configure:2886: gcc --version >&5
gcc (Ubuntu/Linaro 4.6.3-1ubuntu5) 4.6.3
Copyright (C) 2011 Free Software Foundation, Inc.
This is free software; see the source for copying conditions.  There is NO
warranty; not even for MERCHANTABILITY or FITNESS FOR A PARTICULAR PURPOSE.

configure:2897: $? = 0
configure:2886: gcc -v >&5
Using built-in specs.
COLLECT_GCC=gcc
COLLECT_LTO_WRAPPER=/usr/lib/gcc/i686-linux-gnu/4.6/lto-wrapper
Target: i686-linux-gnu
Configured with: ../src/configure -v --with-pkgversion='Ubuntu/Linaro 4.6.3-1ubuntu5' --with-bugurl=file:///usr/share/doc/gcc-4.6/README.Bugs --enable-languages=c,c++,fortran,objc,obj-c++ --prefix=/usr --program-suffix=-4.6 --enable-shared --enable-linker-build-id --with-system-zlib --libexecdir=/usr/lib --without-included-gettext --enable-threads=posix --with-gxx-include-dir=/usr/include/c++/4.6 --libdir=/usr/lib --enable-nls --with-sysroot=/ --enable-clocale=gnu --enable-libstdcxx-debug --enable-libstdcxx-time=yes --enable-gnu-unique-object --enable-plugin --enable-objc-gc --enable-targets=all --disable-werror --with-arch-32=i686 --with-tune=generic --enable-checking=release --build=i686-linux-gnu --host=i686-linux-gnu --target=i686-linux-gnu
Thread model: posix
gcc version 4.6.3 (Ubuntu/Linaro 4.6.3-1ubuntu5) 
configure:2897: $? = 0
configure:2886: gcc -V >&5
gcc: error: unrecognized option '-V'
gcc: fatal error: no input files
compilation terminated.
configure:2897: $? = 4
configure:2886: gcc -qversion >&5
gcc: error: unrecognized option '-qversion'
gcc: fatal error: no input files
compilation terminated.
configure:2897: $? = 4
configure:2917: checking whether the C compiler works
configure:2939: gcc    conftest.c  >&5
configure:2943: $? = 0
configure:2991: result: yes
configure:2994: checking for C compiler default output file name
configure:2996: result: a.out
configure:3002: checking for suffix of executables
configure:3009: gcc -o conftest    conftest.c  >&5
configure:3013: $? = 0
configure:3035: result: 
configure:3057: checking whether we are cross compiling
configure:3065: gcc -o conftest    conftest.c  >&5
configure:3069: $? = 0
configure:3076: ./conftest
configure:3080: $? = 0
configure:3095: result: no
configure:3100: checking for suffix of object files
configure:3122: gcc -c   conftest.c >&5
configure:3126: $? = 0
configure:3147: result: o
configure:3151: checking whether we are using the GNU C compiler
configure:3170: gcc -c   conftest.c >&5
configure:3170: $? = 0
configure:3179: result: yes
configure:3188: checking whether gcc accepts -g
configure:3208: gcc -c -g  conftest.c >&5
configure:3208: $? = 0
configure:3249: result: yes
configure:3266: checking for gcc option to accept ISO C89
configure:3330: gcc  -c -g -O2  conftest.c >&5
configure:3330: $? = 0
configure:3343: result: none needed
configure:3421: checking for g++
configure:3437: found /usr/bin/g++
configure:3448: result: g++
configure:3475: checking for C++ compiler version
configure:3484: g++ --version >&5
g++ (Ubuntu/Linaro 4.6.3-1ubuntu5) 4.6.3
Copyright (C) 2011 Free Software Foundation, Inc.
This is free software; see the source for copying conditions.  There is NO
warranty; not even for MERCHANTABILITY or FITNESS FOR A PARTICULAR PURPOSE.

configure:3495: $? = 0
configure:3484: g++ -v >&5
Using built-in specs.
COLLECT_GCC=g++
COLLECT_LTO_WRAPPER=/usr/lib/gcc/i686-linux-gnu/4.6/lto-wrapper
Target: i686-linux-gnu
Configured with: ../src/configure -v --with-pkgversion='Ubuntu/Linaro 4.6.3-1ubuntu5' --with-bugurl=file:///usr/share/doc/gcc-4.6/README.Bugs --enable-languages=c,c++,fortran,objc,obj-c++ --prefix=/usr --program-suffix=-4.6 --enable-shared --enable-linker-build-id --with-system-zlib --libexecdir=/usr/lib --without-included-gettext --enable-threads=posix --with-gxx-include-dir=/usr/include/c++/4.6 --libdir=/usr/lib --enable-nls --with-sysroot=/ --enable-clocale=gnu --enable-libstdcxx-debug --enable-libstdcxx-time=yes --enable-gnu-unique-object --enable-plugin --enable-objc-gc --enable-targets=all --disable-werror --with-arch-32=i686 --with-tune=generic --enable-checking=release --build=i686-linux-gnu --host=i686-linux-gnu --target=i686-linux-gnu
Thread model: posix
gcc version 4.6.3 (Ubuntu/Linaro 4.6.3-1ubuntu5) 
configure:3495: $? = 0
configure:3484: g++ -V >&5
g++: error: unrecognized option '-V'
g++: fatal error: no input files
compilation terminated.
configure:3495: $? = 4
configure:3484: g++ -qversion >&5
g++: error: unrecognized option '-qversion'
g++: fatal error: no input files
compilation terminated.
configure:3495: $? = 4
configure:3499: checking whether we are using the GNU C++ compiler
configure:3518: g++ -c   -ffast-math  conftest.cpp >&5
configure:3518: $? = 0
configure:3527: result: yes
configure:3536: checking whether g++ accepts -g
configure:3556: g++ -c -g  conftest.cpp >&5
configure:3556: $? = 0
configure:3597: result: yes
configure:3634: checking for a BSD-compatible install
configure:3702: result: /usr/bin/install -c
configure:3715: checking for ar
configure:3733: found /usr/bin/ar
configure:3745: result: /usr/bin/ar
configure:3764: checking how to run the C preprocessor
configure:3795: gcc -E  conftest.c
configure:3795: $? = 0
configure:3809: gcc -E  conftest.c
conftest.c:9:28: fatal error: ac_nonexistent.h: No such file or directory
compilation terminated.
configure:3809: $? = 1
configure: failed program was:
| /* confdefs.h */
| #define PACKAGE_NAME "tuxjunior"
| #define PACKAGE_TARNAME "tuxjunior"
| #define PACKAGE_VERSION "0.0.3-SVN"
| #define PACKAGE_STRING "tuxjunior 0.0.3-SVN"
| #define PACKAGE_BUGREPORT ""
| #define PACKAGE_URL ""
| /* end confdefs.h.  */
| #include <ac_nonexistent.h>
configure:3834: result: gcc -E
configure:3854: gcc -E  conftest.c
configure:3854: $? = 0
configure:3868: gcc -E  conftest.c
conftest.c:9:28: fatal error: ac_nonexistent.h: No such file or directory
compilation terminated.
configure:3868: $? = 1
configure: failed program was:
| /* confdefs.h */
| #define PACKAGE_NAME "tuxjunior"
| #define PACKAGE_TARNAME "tuxjunior"
| #define PACKAGE_VERSION "0.0.3-SVN"
| #define PACKAGE_STRING "tuxjunior 0.0.3-SVN"
| #define PACKAGE_BUGREPORT ""
| #define PACKAGE_URL ""
| /* end confdefs.h.  */
| #include <ac_nonexistent.h>
configure:3897: checking for grep that handles long lines and -e
configure:3955: result: /bin/grep
configure:3960: checking for egrep
configure:4022: result: /bin/grep -E
configure:4027: checking for ANSI C header files
configure:4047: gcc -c -g -O2  conftest.c >&5
configure:4047: $? = 0
configure:4120: gcc -o conftest -g -O2   conftest.c  >&5
configure:4120: $? = 0
configure:4120: ./conftest
configure:4120: $? = 0
configure:4131: result: yes
configure:4144: checking for sys/types.h
configure:4144: gcc -c -g -O2  conftest.c >&5
configure:4144: $? = 0
configure:4144: result: yes
configure:4144: checking for sys/stat.h
configure:4144: gcc -c -g -O2  conftest.c >&5
configure:4144: $? = 0
configure:4144: result: yes
configure:4144: checking for stdlib.h
configure:4144: gcc -c -g -O2  conftest.c >&5
configure:4144: $? = 0
configure:4144: result: yes
configure:4144: checking for string.h
configure:4144: gcc -c -g -O2  conftest.c >&5
configure:4144: $? = 0
configure:4144: result: yes
configure:4144: checking for memory.h
configure:4144: gcc -c -g -O2  conftest.c >&5
configure:4144: $? = 0
configure:4144: result: yes
configure:4144: checking for strings.h
configure:4144: gcc -c -g -O2  conftest.c >&5
configure:4144: $? = 0
configure:4144: result: yes
configure:4144: checking for inttypes.h
configure:4144: gcc -c -g -O2  conftest.c >&5
configure:4144: $? = 0
configure:4144: result: yes
configure:4144: checking for stdint.h
configure:4144: gcc -c -g -O2  conftest.c >&5
configure:4144: $? = 0
configure:4144: result: yes
configure:4144: checking for unistd.h
configure:4144: gcc -c -g -O2  conftest.c >&5
configure:4144: $? = 0
configure:4144: result: yes
configure:4156: checking whether byte ordering is bigendian
configure:4171: gcc -c -g -O2  conftest.c >&5
conftest.c:20:9: error: unknown type name 'not'
conftest.c:20:15: error: expected '=', ',', ';', 'asm' or '__attribute__' before 'universal'
conftest.c:20:15: error: unknown type name 'universal'
configure:4171: $? = 1
configure: failed program was:
| /* confdefs.h */
| #define PACKAGE_NAME "tuxjunior"
| #define PACKAGE_TARNAME "tuxjunior"
| #define PACKAGE_VERSION "0.0.3-SVN"
| #define PACKAGE_STRING "tuxjunior 0.0.3-SVN"
| #define PACKAGE_BUGREPORT ""
| #define PACKAGE_URL ""
| #define STDC_HEADERS 1
| #define HAVE_SYS_TYPES_H 1
| #define HAVE_SYS_STAT_H 1
| #define HAVE_STDLIB_H 1
| #define HAVE_STRING_H 1
| #define HAVE_MEMORY_H 1
| #define HAVE_STRINGS_H 1
| #define HAVE_INTTYPES_H 1
| #define HAVE_STDINT_H 1
| #define HAVE_UNISTD_H 1
| /* end confdefs.h.  */
| #ifndef __APPLE_CC__
| 	       not a universal capable compiler
| 	     #endif
| 	     typedef int dummy;
| 
configure:4216: gcc -c -g -O2  conftest.c >&5
configure:4216: $? = 0
configure:4234: gcc -c -g -O2  conftest.c >&5
conftest.c: In function 'main':
conftest.c:26:4: error: unknown type name 'not'
conftest.c:26:12: error: expected '=', ',', ';', 'asm' or '__attribute__' before 'endian'
configure:4234: $? = 1
configure: failed program was:
| /* confdefs.h */
| #define PACKAGE_NAME "tuxjunior"
| #define PACKAGE_TARNAME "tuxjunior"
| #define PACKAGE_VERSION "0.0.3-SVN"
| #define PACKAGE_STRING "tuxjunior 0.0.3-SVN"
| #define PACKAGE_BUGREPORT ""
| #define PACKAGE_URL ""
| #define STDC_HEADERS 1
| #define HAVE_SYS_TYPES_H 1
| #define HAVE_SYS_STAT_H 1
| #define HAVE_STDLIB_H 1
| #define HAVE_STRING_H 1
| #define HAVE_MEMORY_H 1
| #define HAVE_STRINGS_H 1
| #define HAVE_INTTYPES_H 1
| #define HAVE_STDINT_H 1
| #define HAVE_UNISTD_H 1
| /* end confdefs.h.  */
| #include <sys/types.h>
| 		#include <sys/param.h>
| 
| int
| main ()
| {
| #if BYTE_ORDER != BIG_ENDIAN
| 		 not big endian
| 		#endif
| 
|   ;
|   return 0;
| }
configure:4362: result: no
configure:4385: checking for xgettext
configure:4401: found /usr/bin/xgettext
configure:4412: result: xgettext
configure:4424: checking if xgettext supports lisp
configure:4427: result: yes
configure:4442: checking for flex
configure:4472: result: no
configure:4442: checking for lex
configure:4472: result: no
configure:4602: checking for bison
configure:4632: result: no
configure:4602: checking for bison.exe
configure:4632: result: no
configure:4645: checking for dirent.h that defines DIR
configure:4664: gcc -c -g -O2  conftest.c >&5
configure:4664: $? = 0
configure:4672: result: yes
configure:4685: checking for library containing opendir
configure:4716: gcc -o conftest -g -O2   conftest.c  >&5
configure:4716: $? = 0
configure:4733: result: none required
configure:4800: checking for ANSI C header files
configure:4904: result: yes
configure:4914: checking for unistd.h
configure:4914: result: yes
configure:4925: checking for an ANSI C-conforming const
configure:4990: gcc -c -g -O2  conftest.c >&5
configure:4990: $? = 0
configure:4997: result: yes
configure:5005: checking whether byte ordering is bigendian
configure:5211: result: no
configure:5233: checking size of void *
configure:5238: gcc -o conftest -g -O2   conftest.c  >&5
configure:5238: $? = 0
configure:5238: ./conftest
configure:5238: $? = 0
configure:5252: result: 4
configure:5266: checking for build variant
configure:5296: result: optimize
configure:5371: checking whether binary relocation support should be enabled
configure:5389: result: no
configure:5519: checking for ld used by GCC
configure:5583: result: /usr/bin/ld
configure:5590: checking if the linker (/usr/bin/ld) is GNU ld
configure:5603: result: yes
configure:5609: checking for shared library run path origin
configure:5622: result: done
configure:6052: checking for iconv
configure:6074: gcc -o conftest -g -O2   conftest.c  >&5
configure:6074: $? = 0
configure:6106: result: yes
configure:6127: checking for iconv declaration
configure:6156: gcc -c -g -O2  conftest.c >&5
configure:6156: $? = 0
configure:6167: result: 
         extern size_t iconv (iconv_t cd, char * *inbuf, size_t *inbytesleft, char * *outbuf, size_t *outbytesleft);
configure:6216: checking for gawk
configure:6246: result: no
configure:6216: checking for mawk
configure:6232: found /usr/bin/mawk
configure:6243: result: mawk
configure:6305: checking for curl-config
configure:6338: result: no
configure:6414: checking whether libcurl is usable
configure:6447: gcc -o conftest -g -O2    conftest.c  -lcurl  >&5
conftest.c:25:23: fatal error: curl/curl.h: No such file or directory
compilation terminated.
configure:6447: $? = 1
configure: failed program was:
| /* confdefs.h */
| #define PACKAGE_NAME "tuxjunior"
| #define PACKAGE_TARNAME "tuxjunior"
| #define PACKAGE_VERSION "0.0.3-SVN"
| #define PACKAGE_STRING "tuxjunior 0.0.3-SVN"
| #define PACKAGE_BUGREPORT ""
| #define PACKAGE_URL ""
| #define STDC_HEADERS 1
| #define HAVE_SYS_TYPES_H 1
| #define HAVE_SYS_STAT_H 1
| #define HAVE_STDLIB_H 1
| #define HAVE_STRING_H 1
| #define HAVE_MEMORY_H 1
| #define HAVE_STRINGS_H 1
| #define HAVE_INTTYPES_H 1
| #define HAVE_STDINT_H 1
| #define HAVE_UNISTD_H 1
| #define HAVE_DIRENT_H 1
| #define STDC_HEADERS 1
| #define HAVE_UNISTD_H 1
| #define SIZEOF_VOID_P 4
| #define HAVE_ICONV 1
| #define ICONV_CONST 
| /* end confdefs.h.  */
| #include <curl/curl.h>
| int
| main ()
| {
| 
| /* Try and use a few common options to force a failure if we are
|    missing symbols or can't link. */
| int x;
| curl_easy_setopt(NULL,CURLOPT_URL,NULL);
| x=CURL_ERROR_SIZE;
| x=CURLOPT_WRITEFUNCTION;
| x=CURLOPT_FILE;
| x=CURLOPT_ERRORBUFFER;
| x=CURLOPT_STDERR;
| x=CURLOPT_VERBOSE;
| 
|   ;
|   return 0;
| }
configure:6461: result: no
configure:6599: checking for sdl-config
configure:6617: found /usr/bin/sdl-config
configure:6630: result: /usr/bin/sdl-config
configure:6639: checking for SDL - version >= 1.2.4
configure:6724: gcc -o conftest -g -O2 -I/usr/include/SDL -D_GNU_SOURCE=1 -D_REENTRANT   conftest.c  -L/usr/lib/i386-linux-gnu -lSDL >&5
configure:6724: $? = 0
configure:6724: ./conftest
configure:6724: $? = 0
configure:6738: result: yes
configure:6856: checking for Ogg
configure:6886: gcc -o conftest -g -O2    conftest.c   -logg >&5
conftest.c: In function 'main':
conftest.c:33:9: warning: ignoring return value of 'system', declared with attribute warn_unused_result [-Wunused-result]
configure:6886: $? = 0
configure:6886: ./conftest
configure:6886: $? = 0
configure:6900: result: yes
configure:7007: checking for Vorbis
configure:7049: gcc -o conftest -g -O2     conftest.c   -lvorbis -lm -lvorbisenc  -logg >&5
conftest.c: In function 'main':
conftest.c:45:11: warning: ignoring return value of 'system', declared with attribute warn_unused_result [-Wunused-result]
configure:7049: $? = 0
configure:7049: ./conftest
configure:7049: $? = 0
configure:7063: result: yes
configure:7150: checking for SDL_image >= 1.2
configure:7165: gcc -o conftest -g -O2  -I/usr/include/SDL -D_GNU_SOURCE=1 -D_REENTRANT   -I/usr/include/SDL -D_GNU_SOURCE=1 -D_REENTRANT  conftest.c  -lSDL_image -L/usr/lib/i386-linux-gnu -lSDL >&5
configure:7165: $? = 0
configure:7178: result: found
configure:7230: checking for physfs >= 1.0.0
configure:7250: gcc -o conftest -g -O2       conftest.c  -lphysfs  >&5
configure:7250: $? = 0
configure:7263: result: found
configure:7321: checking for OpenAL
configure:7336: gcc -o conftest -g -O2       conftest.c  -lopenal  >&5
configure:7336: $? = 0
configure:7349: result: found
configure:7382: checking for X
configure:7490: gcc -E  conftest.c
configure:7490: $? = 0
configure:7521: gcc -o conftest -g -O2   conftest.c -lX11  >&5
configure:7521: $? = 0
configure:7571: result: libraries , headers 
configure:7739: checking for the pthreads library -lpthreads
configure:7772: gcc -o conftest -g -O2    conftest.c -lpthreads  >&5
/usr/bin/ld: cannot find -lpthreads
collect2: ld returned 1 exit status
configure:7772: $? = 1
configure: failed program was:
| /* confdefs.h */
| #define PACKAGE_NAME "tuxjunior"
| #define PACKAGE_TARNAME "tuxjunior"
| #define PACKAGE_VERSION "0.0.3-SVN"
| #define PACKAGE_STRING "tuxjunior 0.0.3-SVN"
| #define PACKAGE_BUGREPORT ""
| #define PACKAGE_URL ""
| #define STDC_HEADERS 1
| #define HAVE_SYS_TYPES_H 1
| #define HAVE_SYS_STAT_H 1
| #define HAVE_STDLIB_H 1
| #define HAVE_STRING_H 1
| #define HAVE_MEMORY_H 1
| #define HAVE_STRINGS_H 1
| #define HAVE_INTTYPES_H 1
| #define HAVE_STDINT_H 1
| #define HAVE_UNISTD_H 1
| #define HAVE_DIRENT_H 1
| #define STDC_HEADERS 1
| #define HAVE_UNISTD_H 1
| #define SIZEOF_VOID_P 4
| #define HAVE_ICONV 1
| #define ICONV_CONST 
| /* end confdefs.h.  */
| #include <pthread.h>
| int
| main ()
| {
| pthread_t th; pthread_join(th, 0);
|                      pthread_attr_init(0); pthread_cleanup_push(0, 0);
|                      pthread_create(0,0,0,0); pthread_cleanup_pop(0);
|   ;
|   return 0;
| }
configure:7781: result: no
configure:7684: checking whether pthreads work without any flags
configure:7772: gcc -o conftest -g -O2    conftest.c   >&5
/tmp/ccm0nMa4.o: In function `main':
/home/slacker/boombox/supratux-code/tuxjunior/conftest.c:29: undefined reference to `pthread_join'
/home/slacker/boombox/supratux-code/tuxjunior/conftest.c:30: undefined reference to `__pthread_register_cancel'
/home/slacker/boombox/supratux-code/tuxjunior/conftest.c:31: undefined reference to `pthread_create'
/home/slacker/boombox/supratux-code/tuxjunior/conftest.c:31: undefined reference to `__pthread_unregister_cancel'
collect2: ld returned 1 exit status
configure:7772: $? = 1
configure: failed program was:
| /* confdefs.h */
| #define PACKAGE_NAME "tuxjunior"
| #define PACKAGE_TARNAME "tuxjunior"
| #define PACKAGE_VERSION "0.0.3-SVN"
| #define PACKAGE_STRING "tuxjunior 0.0.3-SVN"
| #define PACKAGE_BUGREPORT ""
| #define PACKAGE_URL ""
| #define STDC_HEADERS 1
| #define HAVE_SYS_TYPES_H 1
| #define HAVE_SYS_STAT_H 1
| #define HAVE_STDLIB_H 1
| #define HAVE_STRING_H 1
| #define HAVE_MEMORY_H 1
| #define HAVE_STRINGS_H 1
| #define HAVE_INTTYPES_H 1
| #define HAVE_STDINT_H 1
| #define HAVE_UNISTD_H 1
| #define HAVE_DIRENT_H 1
| #define STDC_HEADERS 1
| #define HAVE_UNISTD_H 1
| #define SIZEOF_VOID_P 4
| #define HAVE_ICONV 1
| #define ICONV_CONST 
| /* end confdefs.h.  */
| #include <pthread.h>
| int
| main ()
| {
| pthread_t th; pthread_join(th, 0);
|                      pthread_attr_init(0); pthread_cleanup_push(0, 0);
|                      pthread_create(0,0,0,0); pthread_cleanup_pop(0);
|   ;
|   return 0;
| }
configure:7781: result: no
configure:7689: checking whether pthreads work with -Kthread
configure:7772: gcc -o conftest -g -O2 -Kthread   conftest.c   >&5
gcc: error: unrecognized option '-Kthread'
configure:7772: $? = 1
configure: failed program was:
| /* confdefs.h */
| #define PACKAGE_NAME "tuxjunior"
| #define PACKAGE_TARNAME "tuxjunior"
| #define PACKAGE_VERSION "0.0.3-SVN"
| #define PACKAGE_STRING "tuxjunior 0.0.3-SVN"
| #define PACKAGE_BUGREPORT ""
| #define PACKAGE_URL ""
| #define STDC_HEADERS 1
| #define HAVE_SYS_TYPES_H 1
| #define HAVE_SYS_STAT_H 1
| #define HAVE_STDLIB_H 1
| #define HAVE_STRING_H 1
| #define HAVE_MEMORY_H 1
| #define HAVE_STRINGS_H 1
| #define HAVE_INTTYPES_H 1
| #define HAVE_STDINT_H 1
| #define HAVE_UNISTD_H 1
| #define HAVE_DIRENT_H 1
| #define STDC_HEADERS 1
| #define HAVE_UNISTD_H 1
| #define SIZEOF_VOID_P 4
| #define HAVE_ICONV 1
| #define ICONV_CONST 
| /* end confdefs.h.  */
| #include <pthread.h>
| int
| main ()
| {
| pthread_t th; pthread_join(th, 0);
|                      pthread_attr_init(0); pthread_cleanup_push(0, 0);
|                      pthread_create(0,0,0,0); pthread_cleanup_pop(0);
|   ;
|   return 0;
| }
configure:7781: result: no
configure:7689: checking whether pthreads work with -kthread
configure:7772: gcc -o conftest -g -O2 -kthread   conftest.c   >&5
gcc: error: unrecognized option '-kthread'
configure:7772: $? = 1
configure: failed program was:
| /* confdefs.h */
| #define PACKAGE_NAME "tuxjunior"
| #define PACKAGE_TARNAME "tuxjunior"
| #define PACKAGE_VERSION "0.0.3-SVN"
| #define PACKAGE_STRING "tuxjunior 0.0.3-SVN"
| #define PACKAGE_BUGREPORT ""
| #define PACKAGE_URL ""
| #define STDC_HEADERS 1
| #define HAVE_SYS_TYPES_H 1
| #define HAVE_SYS_STAT_H 1
| #define HAVE_STDLIB_H 1
| #define HAVE_STRING_H 1
| #define HAVE_MEMORY_H 1
| #define HAVE_STRINGS_H 1
| #define HAVE_INTTYPES_H 1
| #define HAVE_STDINT_H 1
| #define HAVE_UNISTD_H 1
| #define HAVE_DIRENT_H 1
| #define STDC_HEADERS 1
| #define HAVE_UNISTD_H 1
| #define SIZEOF_VOID_P 4
| #define HAVE_ICONV 1
| #define ICONV_CONST 
| /* end confdefs.h.  */
| #include <pthread.h>
| int
| main ()
| {
| pthread_t th; pthread_join(th, 0);
|                      pthread_attr_init(0); pthread_cleanup_push(0, 0);
|                      pthread_create(0,0,0,0); pthread_cleanup_pop(0);
|   ;
|   return 0;
| }
configure:7781: result: no
configure:7739: checking for the pthreads library -llthread
configure:7772: gcc -o conftest -g -O2    conftest.c -llthread  >&5
/usr/bin/ld: cannot find -llthread
collect2: ld returned 1 exit status
configure:7772: $? = 1
configure: failed program was:
| /* confdefs.h */
| #define PACKAGE_NAME "tuxjunior"
| #define PACKAGE_TARNAME "tuxjunior"
| #define PACKAGE_VERSION "0.0.3-SVN"
| #define PACKAGE_STRING "tuxjunior 0.0.3-SVN"
| #define PACKAGE_BUGREPORT ""
| #define PACKAGE_URL ""
| #define STDC_HEADERS 1
| #define HAVE_SYS_TYPES_H 1
| #define HAVE_SYS_STAT_H 1
| #define HAVE_STDLIB_H 1
| #define HAVE_STRING_H 1
| #define HAVE_MEMORY_H 1
| #define HAVE_STRINGS_H 1
| #define HAVE_INTTYPES_H 1
| #define HAVE_STDINT_H 1
| #define HAVE_UNISTD_H 1
| #define HAVE_DIRENT_H 1
| #define STDC_HEADERS 1
| #define HAVE_UNISTD_H 1
| #define SIZEOF_VOID_P 4
| #define HAVE_ICONV 1
| #define ICONV_CONST 
| /* end confdefs.h.  */
| #include <pthread.h>
| int
| main ()
| {
| pthread_t th; pthread_join(th, 0);
|                      pthread_attr_init(0); pthread_cleanup_push(0, 0);
|                      pthread_create(0,0,0,0); pthread_cleanup_pop(0);
|   ;
|   return 0;
| }
configure:7781: result: no
configure:7689: checking whether pthreads work with -pthread
configure:7772: gcc -o conftest -g -O2 -pthread   conftest.c   >&5
configure:7772: $? = 0
configure:7781: result: yes
configure:7800: checking for joinable pthread attribute
configure:7815: gcc -o conftest -g -O2 -pthread   conftest.c   >&5
configure:7815: $? = 0
configure:7821: result: PTHREAD_CREATE_JOINABLE
configure:7831: checking if more special flags are required for pthreads
configure:7838: result: no
configure:7850: checking for cc_r
configure:7878: result: gcc
configure:7936: checking whether we are using the Microsoft C compiler
configure:7955: gcc -c -g -O2  conftest.c >&5
conftest.c: In function 'main':
conftest.c:31:8: error: unknown type name 'choke'
configure:7955: $? = 1
configure: failed program was:
| /* confdefs.h */
| #define PACKAGE_NAME "tuxjunior"
| #define PACKAGE_TARNAME "tuxjunior"
| #define PACKAGE_VERSION "0.0.3-SVN"
| #define PACKAGE_STRING "tuxjunior 0.0.3-SVN"
| #define PACKAGE_BUGREPORT ""
| #define PACKAGE_URL ""
| #define STDC_HEADERS 1
| #define HAVE_SYS_TYPES_H 1
| #define HAVE_SYS_STAT_H 1
| #define HAVE_STDLIB_H 1
| #define HAVE_STRING_H 1
| #define HAVE_MEMORY_H 1
| #define HAVE_STRINGS_H 1
| #define HAVE_INTTYPES_H 1
| #define HAVE_STDINT_H 1
| #define HAVE_UNISTD_H 1
| #define HAVE_DIRENT_H 1
| #define STDC_HEADERS 1
| #define HAVE_UNISTD_H 1
| #define SIZEOF_VOID_P 4
| #define HAVE_ICONV 1
| #define ICONV_CONST 
| #define HAVE_PTHREAD 1
| /* end confdefs.h.  */
| 
| int
| main ()
| {
| #ifndef _MSC_VER
|        choke me
| #endif
| 
|   ;
|   return 0;
| }
configure:7964: result: no
configure:7986: checking windows.h usability
configure:7986: gcc -c -g -O2  conftest.c >&5
conftest.c:59:21: fatal error: windows.h: No such file or directory
compilation terminated.
configure:7986: $? = 1
configure: failed program was:
| /* confdefs.h */
| #define PACKAGE_NAME "tuxjunior"
| #define PACKAGE_TARNAME "tuxjunior"
| #define PACKAGE_VERSION "0.0.3-SVN"
| #define PACKAGE_STRING "tuxjunior 0.0.3-SVN"
| #define PACKAGE_BUGREPORT ""
| #define PACKAGE_URL ""
| #define STDC_HEADERS 1
| #define HAVE_SYS_TYPES_H 1
| #define HAVE_SYS_STAT_H 1
| #define HAVE_STDLIB_H 1
| #define HAVE_STRING_H 1
| #define HAVE_MEMORY_H 1
| #define HAVE_STRINGS_H 1
| #define HAVE_INTTYPES_H 1
| #define HAVE_STDINT_H 1
| #define HAVE_UNISTD_H 1
| #define HAVE_DIRENT_H 1
| #define STDC_HEADERS 1
| #define HAVE_UNISTD_H 1
| #define SIZEOF_VOID_P 4
| #define HAVE_ICONV 1
| #define ICONV_CONST 
| #define HAVE_PTHREAD 1
| /* end confdefs.h.  */
| #include <stdio.h>
| #ifdef HAVE_SYS_TYPES_H
| # include <sys/types.h>
| #endif
| #ifdef HAVE_SYS_STAT_H
| # include <sys/stat.h>
| #endif
| #ifdef STDC_HEADERS
| # include <stdlib.h>
| # include <stddef.h>
| #else
| # ifdef HAVE_STDLIB_H
| #  include <stdlib.h>
| # endif
| #endif
| #ifdef HAVE_STRING_H
| # if !defined STDC_HEADERS && defined HAVE_MEMORY_H
| #  include <memory.h>
| # endif
| # include <string.h>
| #endif
| #ifdef HAVE_STRINGS_H
| # include <strings.h>
| #endif
| #ifdef HAVE_INTTYPES_H
| # include <inttypes.h>
| #endif
| #ifdef HAVE_STDINT_H
| # include <stdint.h>
| #endif
| #ifdef HAVE_UNISTD_H
| # include <unistd.h>
| #endif
| #include <windows.h>
configure:7986: result: no
configure:7986: checking windows.h presence
configure:7986: gcc -E  conftest.c
conftest.c:26:21: fatal error: windows.h: No such file or directory
compilation terminated.
configure:7986: $? = 1
configure: failed program was:
| /* confdefs.h */
| #define PACKAGE_NAME "tuxjunior"
| #define PACKAGE_TARNAME "tuxjunior"
| #define PACKAGE_VERSION "0.0.3-SVN"
| #define PACKAGE_STRING "tuxjunior 0.0.3-SVN"
| #define PACKAGE_BUGREPORT ""
| #define PACKAGE_URL ""
| #define STDC_HEADERS 1
| #define HAVE_SYS_TYPES_H 1
| #define HAVE_SYS_STAT_H 1
| #define HAVE_STDLIB_H 1
| #define HAVE_STRING_H 1
| #define HAVE_MEMORY_H 1
| #define HAVE_STRINGS_H 1
| #define HAVE_INTTYPES_H 1
| #define HAVE_STDINT_H 1
| #define HAVE_UNISTD_H 1
| #define HAVE_DIRENT_H 1
| #define STDC_HEADERS 1
| #define HAVE_UNISTD_H 1
| #define SIZEOF_VOID_P 4
| #define HAVE_ICONV 1
| #define ICONV_CONST 
| #define HAVE_PTHREAD 1
| /* end confdefs.h.  */
| #include <windows.h>
configure:7986: result: no
configure:7986: checking for windows.h
configure:7986: result: no
configure:7997: checking for OpenGL library
configure:8030: gcc -o conftest -g -O2 -pthread   conftest.c -lopengl32  -lm  >&5
/usr/bin/ld: cannot find -lopengl32
collect2: ld returned 1 exit status
configure:8030: $? = 1
configure: failed program was:
| /* confdefs.h */
| #define PACKAGE_NAME "tuxjunior"
| #define PACKAGE_TARNAME "tuxjunior"
| #define PACKAGE_VERSION "0.0.3-SVN"
| #define PACKAGE_STRING "tuxjunior 0.0.3-SVN"
| #define PACKAGE_BUGREPORT ""
| #define PACKAGE_URL ""
| #define STDC_HEADERS 1
| #define HAVE_SYS_TYPES_H 1
| #define HAVE_SYS_STAT_H 1
| #define HAVE_STDLIB_H 1
| #define HAVE_STRING_H 1
| #define HAVE_MEMORY_H 1
| #define HAVE_STRINGS_H 1
| #define HAVE_INTTYPES_H 1
| #define HAVE_STDINT_H 1
| #define HAVE_UNISTD_H 1
| #define HAVE_DIRENT_H 1
| #define STDC_HEADERS 1
| #define HAVE_UNISTD_H 1
| #define SIZEOF_VOID_P 4
| #define HAVE_ICONV 1
| #define ICONV_CONST 
| #define HAVE_PTHREAD 1
| /* end confdefs.h.  */
| 
| # if HAVE_WINDOWS_H && defined(_WIN32)
| #   include <windows.h>
| # endif
| # include <GL/gl.h>
| int
| main ()
| {
| glBegin(0)
|   ;
|   return 0;
| }
configure:8030: gcc -o conftest -g -O2 -pthread   conftest.c -lGL  -lm  >&5
configure:8030: $? = 0
configure:8039: result: -lGL
configure:8072: checking for mkdir
configure:8072: gcc -o conftest -g -O2   conftest.c  >&5
configure:8072: $? = 0
configure:8072: result: yes
configure:8072: checking for strdup
configure:8072: gcc -o conftest -g -O2   conftest.c  >&5
conftest.c:51:6: warning: conflicting types for built-in function 'strdup' [enabled by default]
configure:8072: $? = 0
configure:8072: result: yes
configure:8072: checking for strstr
configure:8072: gcc -o conftest -g -O2   conftest.c  >&5
conftest.c:52:6: warning: conflicting types for built-in function 'strstr' [enabled by default]
configure:8072: $? = 0
configure:8072: result: yes
configure:8265: creating ./config.status

## ---------------------- ##
## Running config.status. ##
## ---------------------- ##

This file was extended by tuxjunior config.status 0.0.3-SVN, which was
generated by GNU Autoconf 2.68.  Invocation command line was

  CONFIG_FILES    = 
  CONFIG_HEADERS  = 
  CONFIG_LINKS    = 
  CONFIG_COMMANDS = 
  $ ./config.status 

on BOX

config.status:891: creating Jamconfig
config.status:891: creating config.h
config.status:1066: config.h is unchanged
config.status:1080: executing Jamfile commands

## ---------------- ##
## Cache variables. ##
## ---------------- ##

ac_cv_build=i686-pc-linux-gnu
ac_cv_c_bigendian=no
ac_cv_c_compiler_gnu=yes
ac_cv_c_const=yes
ac_cv_cxx_compiler_gnu=yes
ac_cv_env_CCC_set=
ac_cv_env_CCC_value=
ac_cv_env_CC_set=
ac_cv_env_CC_value=
ac_cv_env_CFLAGS_set=
ac_cv_env_CFLAGS_value=
ac_cv_env_CPPFLAGS_set=
ac_cv_env_CPPFLAGS_value=
ac_cv_env_CPP_set=
ac_cv_env_CPP_value=
ac_cv_env_CXXFLAGS_set=
ac_cv_env_CXXFLAGS_value=
ac_cv_env_CXX_set=
ac_cv_env_CXX_value=
ac_cv_env_LDFLAGS_set=
ac_cv_env_LDFLAGS_value=
ac_cv_env_LIBS_set=
ac_cv_env_LIBS_value=
ac_cv_env_XMKMF_set=
ac_cv_env_XMKMF_value=
ac_cv_env_build_alias_set=
ac_cv_env_build_alias_value=
ac_cv_env_host_alias_set=
ac_cv_env_host_alias_value=
ac_cv_env_target_alias_set=
ac_cv_env_target_alias_value=
ac_cv_func_mkdir=yes
ac_cv_func_strdup=yes
ac_cv_func_strstr=yes
ac_cv_have_x='have_x=yes	ac_x_includes='\'''\''	ac_x_libraries='\'''\'''
ac_cv_header_dirent_dirent_h=yes
ac_cv_header_inttypes_h=yes
ac_cv_header_memory_h=yes
ac_cv_header_stdc=yes
ac_cv_header_stdint_h=yes
ac_cv_header_stdlib_h=yes
ac_cv_header_string_h=yes
ac_cv_header_strings_h=yes
ac_cv_header_sys_stat_h=yes
ac_cv_header_sys_types_h=yes
ac_cv_header_unistd_h=yes
ac_cv_header_windows_h=no
ac_cv_host=i686-pc-linux-gnu
ac_cv_objext=o
ac_cv_path_AR=/usr/bin/ar
ac_cv_path_EGREP='/bin/grep -E'
ac_cv_path_GREP=/bin/grep
ac_cv_path_SDL_CONFIG=/usr/bin/sdl-config
ac_cv_path_install='/usr/bin/install -c'
ac_cv_prog_AWK=mawk
ac_cv_prog_CPP='gcc -E'
ac_cv_prog_PTHREAD_CC=gcc
ac_cv_prog_XGETTEXT=xgettext
ac_cv_prog_ac_ct_CC=gcc
ac_cv_prog_ac_ct_CXX=g++
ac_cv_prog_cc_c89=
ac_cv_prog_cc_g=yes
ac_cv_prog_cxx_g=yes
ac_cv_search_opendir='none required'
ac_cv_sizeof_void_p=4
ac_cv_target=i686-pc-linux-gnu
acl_cv_hardcode_direct=no
acl_cv_hardcode_libdir_flag_spec='${wl}-rpath ${wl}$libdir'
acl_cv_hardcode_libdir_separator=
acl_cv_hardcode_minus_L=no
acl_cv_libext=a
acl_cv_path_LD=/usr/bin/ld
acl_cv_prog_gnu_ld=yes
acl_cv_rpath=done
acl_cv_shlibext=so
acl_cv_wl=-Wl,
am_cv_func_iconv=yes
am_cv_lib_iconv=no
am_cv_proto_iconv='extern size_t iconv (iconv_t cd, char * *inbuf, size_t *inbytesleft, char * *outbuf, size_t *outbytesleft);'
am_cv_proto_iconv_arg1=
ax_cv_c_compiler_ms=no
ax_cv_check_gl_libgl=-lGL
br_cv_binreloc=no
libcurl_cv_lib_curl_usable=no

## ----------------- ##
## Output variables. ##
## ----------------- ##

AR='/usr/bin/ar ru'
AWK='mawk'
BINRELOC_CFLAGS=''
BINRELOC_LIBS=''
BISON=''
CC='gcc'
CFLAGS='-g -O2'
CPP='gcc -E'
CPPFLAGS=''
CXX='g++'
CXXFLAGS='  -ffast-math'
DEFS='-DHAVE_CONFIG_H'
ECHO_C=''
ECHO_N='-n'
ECHO_T=''
EGREP='/bin/grep -E'
EXEEXT=''
GL_CFLAGS='-pthread'
GL_LIBS='-lGL  -lm'
GREP='/bin/grep'
ICONV_LIBS=''
INSTALL='/usr/bin/install -c'
INSTALL_DATA='$(INSTALL) -m 644'
INSTALL_PROGRAM='$(INSTALL)'
INSTALL_SCRIPT='$(INSTALL)'
LDFLAGS=''
LEX=':'
LEXLIB=''
LEX_LIBS=''
LEX_OUTPUT_ROOT=''
LIBCURL=''
LIBCURL_CPPFLAGS=''
LIBCURL_LIBS=''
LIBICONV=''
LIBOBJS=''
LIBS=''
LTLIBICONV=''
LTLIBOBJS=''
OBJEXT='o'
OGG_CFLAGS=''
OGG_LIBS=' -logg'
OPENAL_AVAILABLE='yes'
OPENAL_CFLAGS=''
OPENAL_LIBS='-lopenal'
PACKAGE_BUGREPORT=''
PACKAGE_NAME='tuxjunior'
PACKAGE_STRING='tuxjunior 0.0.3-SVN'
PACKAGE_TARNAME='tuxjunior'
PACKAGE_URL=''
PACKAGE_VERSION='0.0.3-SVN'
PATH_SEPARATOR=':'
PHYSFS_AVAILABLE='yes'
PHYSFS_CFLAGS=''
PHYSFS_LIBS='-lphysfs'
PTHREAD_CC='gcc'
PTHREAD_CFLAGS='-pthread'
PTHREAD_LIBS=''
SDLIMAGE_AVAILABLE='yes'
SDLIMAGE_CFLAGS=''
SDLIMAGE_LIBS='-lSDL_image'
SDL_CFLAGS='-I/usr/include/SDL -D_GNU_SOURCE=1 -D_REENTRANT'
SDL_CONFIG='/usr/bin/sdl-config'
SDL_LIBS='-L/usr/lib/i386-linux-gnu -lSDL'
SHELL='/bin/bash'
VARIANT='optimize'
VORBISENC_LIBS='-lvorbisenc'
VORBISFILE_LIBS='-lvorbisfile'
VORBIS_CFLAGS=''
VORBIS_LIBS=' -lvorbis -lm'
XGETTEXT='xgettext'
XMKMF=''
_libcurl_config=''
ac_ct_CC='gcc'
ac_ct_CXX='g++'
acx_pthread_config=''
bindir='$(exec_prefix)/bin'
build='i686-pc-linux-gnu'
build_alias=''
build_cpu='i686'
build_os='linux-gnu'
build_vendor='pc'
datadir='$(datarootdir)'
datarootdir='$(prefix)/share'
docdir='${datarootdir}/doc/${PACKAGE_TARNAME}'
dvidir='${docdir}'
enable_sqdbg='no'
exec_prefix='$(prefix)'
host='i686-pc-linux-gnu'
host_alias=''
host_cpu='i686'
host_os='linux-gnu'
host_vendor='pc'
htmldir='${docdir}'
includedir='$(prefix)/include'
infodir='$(datarootdir)/info'
libdir='$(exec_prefix)/lib'
libexecdir='$(exec_prefix)/libexec'
localedir='${datarootdir}/locale'
localstatedir='$(prefix)/var'
mandir='$(datarootdir)/man'
oldincludedir='/usr/include'
pdfdir='${docdir}'
prefix='/usr/local'
program_transform_name='s,x,x,'
psdir='${docdir}'
sbindir='$(exec_prefix)/sbin'
sharedstatedir='$(prefix)/com'
sysconfdir='$(prefix)/etc'
target='i686-pc-linux-gnu'
target_alias=''
target_cpu='i686'
target_os='linux-gnu'
target_vendor='pc'

## ----------- ##
## confdefs.h. ##
## ----------- ##

/* confdefs.h */
#define PACKAGE_NAME "tuxjunior"
#define PACKAGE_TARNAME "tuxjunior"
#define PACKAGE_VERSION "0.0.3-SVN"
#define PACKAGE_STRING "tuxjunior 0.0.3-SVN"
#define PACKAGE_BUGREPORT ""
#define PACKAGE_URL ""
#define STDC_HEADERS 1
#define HAVE_SYS_TYPES_H 1
#define HAVE_SYS_STAT_H 1
#define HAVE_STDLIB_H 1
#define HAVE_STRING_H 1
#define HAVE_MEMORY_H 1
#define HAVE_STRINGS_H 1
#define HAVE_INTTYPES_H 1
#define HAVE_STDINT_H 1
#define HAVE_UNISTD_H 1
#define HAVE_DIRENT_H 1
#define STDC_HEADERS 1
#define HAVE_UNISTD_H 1
#define SIZEOF_VOID_P 4
#define HAVE_ICONV 1
#define ICONV_CONST 
#define HAVE_PTHREAD 1
#define HAVE_OPENGL 1
#define HAVE_MKDIR 1
#define HAVE_STRDUP 1
#define HAVE_STRSTR 1

configure: exit 0
